<?xml version="1.0" encoding="UTF-8"?>
<!-- Generated by org.testng.reporters.JUnitReportReporter -->
<testsuite hostname="DESKTOP-TROT5AG" failures="0" tests="3" name="seleniumexercise.checkbox" time="17.711" errors="0" timestamp="12 Dec 2021 02:51:12 GMT" skipped="0">
  <testcase classname="seleniumexercise.checkbox" name="SelectSpecificCheckbox" time="6.016"/>
  <testcase classname="seleniumexercise.checkbox" name="checkboxvalidation" time="6.175"/>
  <testcase classname="seleniumexercise.checkbox" name="selectallcheckbox" time="5.520"/>
</testsuite> <!-- seleniumexercise.checkbox -->
