<?xml version="1.0" encoding="UTF-8"?>
<!-- Generated by org.testng.reporters.JUnitReportReporter -->
<testsuite hostname="DESKTOP-TROT5AG" failures="0" tests="1" name="seleniumexercise.draganddrop" time="7.195" errors="0" timestamp="12 Dec 2021 02:51:12 GMT" skipped="0">
  <testcase classname="seleniumexercise.draganddrop" name="dragdropoperation" time="7.195"/>
</testsuite> <!-- seleniumexercise.draganddrop -->
